<?xml version="1.0" encoding="UTF-8"?>
<!-- Generated by org.testng.reporters.JUnitReportReporter -->
<testsuite skipped="0" hostname="Girish-QHSM41T" name="javaPackage.Assertion4" tests="1" failures="0" timestamp="10 Feb 2022 07:25:44 GMT" time="0.037" errors="0">
  <testcase name="testCase5" time="0.037" classname="javaPackage.Assertion4"/>
</testsuite> <!-- javaPackage.Assertion4 -->
