<?xml version="1.0" encoding="UTF-8"?>
<!-- Generated by org.testng.reporters.JUnitReportReporter -->
<testsuite skipped="0" hostname="Girish-QHSM41T" name="javaPackage.TestNG2" tests="1" failures="0" timestamp="10 Feb 2022 06:56:14 GMT" time="0.059" errors="0">
  <testcase name="assertionCheck" time="0.059" classname="javaPackage.TestNG2"/>
</testsuite> <!-- javaPackage.TestNG2 -->
