<?xml version="1.0" encoding="UTF-8"?>
<!-- Generated by org.testng.reporters.JUnitReportReporter -->
<testsuite skipped="0" hostname="Girish-QHSM41T" name="javaPackage.TestNG1" tests="2" failures="0" timestamp="10 Feb 2022 06:56:14 GMT" time="0.007" errors="0">
  <testcase name="a2" time="0.004" classname="javaPackage.TestNG1"/>
  <testcase name="a1" time="0.003" classname="javaPackage.TestNG1"/>
</testsuite> <!-- javaPackage.TestNG1 -->
