<?xml version="1.0" encoding="UTF-8"?>
<!-- Generated by org.testng.reporters.JUnitReportReporter -->
<testsuite skipped="0" hostname="Girish-QHSM41T" name="javaPackage.Assertion1" tests="1" failures="0" timestamp="10 Feb 2022 07:19:07 GMT" time="114.752" errors="0">
  <testcase name="testCase1" time="114.752" classname="javaPackage.Assertion1"/>
</testsuite> <!-- javaPackage.Assertion1 -->
