<?xml version="1.0" encoding="UTF-8"?>
<!-- Generated by org.testng.reporters.JUnitReportReporter -->
<testsuite skipped="2" hostname="Girish-QHSM41T" name="javaPackage.TestNG5" tests="4" failures="0" timestamp="10 Feb 2022 06:56:14 GMT" time="0.005" errors="0">
  <testcase name="c" time="0.001" classname="javaPackage.TestNG5"/>
  <testcase name="c" time="0.001" classname="javaPackage.TestNG5"/>
  <testcase name="e" time="0.003" classname="javaPackage.TestNG5">
    <skipped/>
  </testcase> <!-- e -->
  <testcase name="b" classname="javaPackage.TestNG5">
    <skipped/>
  </testcase> <!-- b -->
</testsuite> <!-- javaPackage.TestNG5 -->
