<?xml version="1.0" encoding="UTF-8"?>
<!-- Generated by org.testng.reporters.JUnitReportReporter -->
<testsuite skipped="1" hostname="Girish-QHSM41T" name="javaPackage.TestNG6" tests="4" failures="0" timestamp="10 Feb 2022 06:56:14 GMT" time="0.006" errors="0">
  <testcase name="c" time="0.003" classname="javaPackage.TestNG6"/>
  <testcase name="c" time="0.002" classname="javaPackage.TestNG6"/>
  <testcase name="a" time="0.001" classname="javaPackage.TestNG6"/>
  <testcase name="b" classname="javaPackage.TestNG6">
    <skipped/>
  </testcase> <!-- b -->
</testsuite> <!-- javaPackage.TestNG6 -->
