<?xml version="1.0" encoding="UTF-8"?>
<!-- Generated by org.testng.reporters.JUnitReportReporter -->
<testsuite skipped="0" hostname="Girish-QHSM41T" name="javaPackage.TestNG4" tests="6" failures="0" timestamp="10 Feb 2022 06:56:14 GMT" time="0.019" errors="0">
  <testcase name="a" time="0.009" classname="javaPackage.TestNG4"/>
  <testcase name="b" time="0.002" classname="javaPackage.TestNG4"/>
  <testcase name="a3" time="0.002" classname="javaPackage.TestNG4"/>
  <testcase name="e" time="0.002" classname="javaPackage.TestNG4"/>
  <testcase name="s" time="0.002" classname="javaPackage.TestNG4"/>
  <testcase name="z" time="0.002" classname="javaPackage.TestNG4"/>
</testsuite> <!-- javaPackage.TestNG4 -->
