<?xml version="1.0" encoding="UTF-8"?>
<!-- Generated by org.testng.reporters.JUnitReportReporter -->
<testsuite skipped="0" hostname="Girish-QHSM41T" name="javaPackage.Assertion3" tests="1" failures="0" timestamp="10 Feb 2022 07:23:17 GMT" time="0.046" errors="0">
  <testcase name="testCase4" time="0.046" classname="javaPackage.Assertion3"/>
</testsuite> <!-- javaPackage.Assertion3 -->
