<?xml version="1.0" encoding="UTF-8"?>
<!-- Generated by org.testng.reporters.JUnitReportReporter -->
<testsuite skipped="0" hostname="Girish-QHSM41T" name="javaPackage.TestNG3" tests="4" failures="0" timestamp="10 Feb 2022 06:56:14 GMT" time="0.008" errors="0">
  <testcase name="a1" time="0.002" classname="javaPackage.TestNG3"/>
  <testcase name="b" time="0.002" classname="javaPackage.TestNG3"/>
  <testcase name="a3" time="0.002" classname="javaPackage.TestNG3"/>
  <testcase name="z" time="0.002" classname="javaPackage.TestNG3"/>
</testsuite> <!-- javaPackage.TestNG3 -->
